<?xml version="1.0" encoding="UTF-8"?>
<!-- Generated by org.testng.reporters.JUnitReportReporter -->
<testsuite name="com.epam.stv.design.AirDefaultPageTest" tests="3" time="3.345" ignored="0" failures="0" timestamp="15 окт 2017 22:16:23 GMT" skipped="0" hostname="Home" errors="0">
  <testcase name="clickOnOtherCountryLink" time="3.203" classname="com.epam.stv.design.AirDefaultPageTest"/>
  <testcase name="inspectAirHomePageOpened" time="0.014" classname="com.epam.stv.design.AirDefaultPageTest"/>
  <testcase name="assertOtherCountryItemIsDisplayed" time="0.128" classname="com.epam.stv.design.AirDefaultPageTest"/>
</testsuite> <!-- com.epam.stv.design.AirDefaultPageTest -->
